[2026-05-03T08:41:07.200] error: couldn't chdir to `/workspace': No such file or directory: going to /tmp instead
[2026-05-03T08:41:07.201] error: couldn't chdir to `/workspace': No such file or directory: going to /tmp instead
Training flow matching model on cuda
Args: epochs=100, bs=256, lr=0.0002, channels=32,64,128, euler_steps=20
LR-anchor mode: noise_std=0.5
CRPS-aware training: weight=0.1
Train: 40000 samples, Val: 10000 samples
Normalization: min=0.0444, max=130.8358
Model params: 2,341,185
Resumed from epoch 4, best_val=0.003067
Epoch  10/100 | train=0.002141 aux=0.000000 val=0.001865 | lr=1.95e-04 | 9.7min
Epoch  20/100 | train=0.001834 aux=0.000000 val=0.001616 | lr=1.81e-04 | 26.0min
Epoch  30/100 | train=0.001607 aux=0.000000 val=0.001546 | lr=1.59e-04 | 42.3min
Epoch  40/100 | train=0.001435 aux=0.000000 val=0.001378 | lr=1.31e-04 | 58.5min
Epoch  50/100 | train=0.001512 aux=0.000000 val=0.001329 | lr=1.00e-04 | 74.7min
Epoch  60/100 | train=0.001418 aux=0.000000 val=0.001168 | lr=6.91e-05 | 90.9min
Epoch  70/100 | train=0.001368 aux=0.000000 val=0.001300 | lr=4.12e-05 | 107.1min
Epoch  80/100 | train=0.001395 aux=0.000000 val=0.001200 | lr=1.91e-05 | 123.2min
Epoch  90/100 | train=0.001380 aux=0.000000 val=0.001238 | lr=4.89e-06 | 139.5min
srun: Job step aborted: Waiting up to 32 seconds for job step to finish.
[2026-05-03T11:07:43.637] error: *** STEP 13117269.0 ON node3600 CANCELLED AT 2026-05-03T11:07:43 DUE to SIGNAL Terminated ***
INFO:    Terminating squashfuse_ll after timeout
INFO:    Timeouts can be caused by a running background process
srun: error: node3600: task 0: Terminated
