[06:21:53] [2026-05-03T06:21:53.584] error: couldn't chdir to `/workspace': No such file or directory: going to /tmp instead
[06:21:53] [2026-05-03T06:21:53.586] error: couldn't chdir to `/workspace': No such file or directory: going to /tmp instead
[06:22:07] Training flow matching model on cuda
[06:22:07] Args: epochs=100, bs=256, lr=0.0002, channels=32,64,128, euler_steps=20
[06:22:07] LR-anchor mode: noise_std=0.5
[06:22:07] Constraint-aware training: weight=0.1
[06:22:07] Train: 40000 samples, Val: 10000 samples
[06:22:07] Normalization: min=0.0444, max=130.8358
[06:22:07] Model params: 2,341,185
[06:23:01] Epoch   1/100 | train=0.021377 aux=0.000543 val=0.006480 | lr=2.00e-04 | 0.9min
[06:30:50] Epoch  10/100 | train=0.002025 aux=0.000038 val=0.001993 | lr=1.95e-04 | 8.7min
[06:39:32] Epoch  20/100 | train=0.001637 aux=0.000030 val=0.001493 | lr=1.81e-04 | 17.4min
[06:48:14] Epoch  30/100 | train=0.001342 aux=0.000027 val=0.001393 | lr=1.59e-04 | 26.1min
[06:56:56] Epoch  40/100 | train=0.001328 aux=0.000025 val=0.001470 | lr=1.31e-04 | 34.8min
[07:05:38] Epoch  50/100 | train=0.001256 aux=0.000023 val=0.001267 | lr=1.00e-04 | 43.5min
[07:14:21] Epoch  60/100 | train=0.001281 aux=0.000022 val=0.001256 | lr=6.91e-05 | 52.2min
[07:23:04] Epoch  70/100 | train=0.001245 aux=0.000021 val=0.001271 | lr=4.12e-05 | 61.0min
[07:31:47] Epoch  80/100 | train=0.001232 aux=0.000021 val=0.001167 | lr=1.91e-05 | 69.7min
[07:40:29] Epoch  90/100 | train=0.001165 aux=0.000021 val=0.001346 | lr=4.89e-06 | 78.4min
[07:49:11] Epoch 100/100 | train=0.001219 aux=0.000021 val=0.001238 | lr=0.00e+00 | 87.1min
[07:49:11] 
[07:49:11] Training complete in 87.1 min. Best val loss: 0.001034
[07:49:11] Saved to models/flow_lr_anchor
